{"conferencename":"d7a8e5fd-7b1c-42a7-aa1b-fc3b95da0e69","displayname":"Find,Again","isadmin":true,"level":"info","message":"Joined the conference","peerid":"R5Oq3AFSqhzK_V0hAAAF","recording":false,"timestamp":"06-10-2022 11:53:36","userid":"1665037401292"}
{"conferencename":"d7a8e5fd-7b1c-42a7-aa1b-fc3b95da0e69","displayname":"Find,Again","isadmin":true,"level":"info","message":"Data to LiveBoxNotify API","status":"End the conference Event Passed","timestamp":"06-10-2022 11:53:41","userid":"1665037401292"}
{"conferencename":"d7a8e5fd-7b1c-42a7-aa1b-fc3b95da0e69","displayname":"Find,Again","isadmin":true,"level":"info","message":"Data to LiveBoxNotify API","status":"End the conference Event Passed","timestamp":"06-10-2022 11:53:41","userid":"1665037401292"}
{"conferencename":"d7a8e5fd-7b1c-42a7-aa1b-fc3b95da0e69","displayname":"Find,Again","isadmin":true,"level":"info","message":"Data to LiveBoxNotify API","status":"End the conference Event Passed","timestamp":"06-10-2022 11:53:41","userid":"1665037401292"}
{"conferencename":"d7a8e5fd-7b1c-42a7-aa1b-fc3b95da0e69","displayname":"Find,Again","isadmin":true,"level":"info","message":"Data to LiveBoxNotify API","status":"End the conference Event Passed","timestamp":"06-10-2022 11:53:41","userid":"1665037401292"}
{"conferencename":"d7a8e5fd-7b1c-42a7-aa1b-fc3b95da0e69","displayname":"Find,Again","isadmin":true,"level":"info","message":"Data to LiveBoxNotify API","status":"End the conference Event Passed","timestamp":"06-10-2022 11:53:41","userid":"1665037401292"}
{"conferencename":"d7a8e5fd-7b1c-42a7-aa1b-fc3b95da0e69","displayname":"Find,Again","isadmin":true,"level":"info","message":"Data to LiveBoxNotify API","status":"End the conference Event Passed","timestamp":"06-10-2022 11:53:41","userid":"1665037401292"}
{"conferencename":"d7a8e5fd-7b1c-42a7-aa1b-fc3b95da0e69","displayname":"Find,Again","isadmin":true,"level":"info","message":"Data to LiveBoxNotify API","status":"End the conference Event Passed","timestamp":"06-10-2022 11:53:41","userid":"1665037401292"}
{"conferencename":"d7a8e5fd-7b1c-42a7-aa1b-fc3b95da0e69","displayname":"Find,Again","isadmin":true,"level":"info","message":"Data to LiveBoxNotify API","status":"End the conference Event Passed","timestamp":"06-10-2022 11:53:41","userid":"1665037401292"}
{"conferencename":"d7a8e5fd-7b1c-42a7-aa1b-fc3b95da0e69","displayname":"Find,Again","isadmin":true,"level":"info","message":"Data to LiveBoxNotify API","status":"End the conference Event Passed","timestamp":"06-10-2022 11:53:41","userid":"1665037401292"}
{"conferencename":"d7a8e5fd-7b1c-42a7-aa1b-fc3b95da0e69","displayname":"Find,Again","isadmin":true,"level":"info","message":"Data to LiveBoxNotify API","status":"End the conference Event Passed","timestamp":"06-10-2022 11:53:41","userid":"1665037401292"}
{"conferencename":"d7a8e5fd-7b1c-42a7-aa1b-fc3b95da0e69","displayname":"Find,Again","isadmin":true,"level":"info","message":"Data to LiveBoxNotify API","status":"End the conference Event Passed","timestamp":"06-10-2022 11:53:41","userid":"1665037401292"}
{"conferencename":"d7a8e5fd-7b1c-42a7-aa1b-fc3b95da0e69","displayname":"Find,Again","isadmin":true,"level":"info","message":"Data to LiveBoxNotify API","status":"End the conference Event Passed","timestamp":"06-10-2022 11:53:41","userid":"1665037401292"}
{"conferencename":"d7a8e5fd-7b1c-42a7-aa1b-fc3b95da0e69","displayname":"Find,Again","isadmin":true,"level":"info","message":"Data to LiveBoxNotify API","status":"End the conference Event Passed","timestamp":"06-10-2022 11:53:41","userid":"1665037401292"}
{"conferencename":"d7a8e5fd-7b1c-42a7-aa1b-fc3b95da0e69","displayname":"Find,Again","isadmin":true,"level":"info","message":"Data to LiveBoxNotify API","status":"End the conference Event Passed","timestamp":"06-10-2022 11:53:41","userid":"1665037401292"}
{"level":"info","message":"Success Response from LiveBoxNotify API","timestamp":"06-10-2022 11:53:41"}
{"level":"info","message":"Success Response from LiveBoxNotify API","timestamp":"06-10-2022 11:53:41"}
{"level":"info","message":"Success Response from LiveBoxNotify API","timestamp":"06-10-2022 11:53:41"}
{"level":"info","message":"Success Response from LiveBoxNotify API","timestamp":"06-10-2022 11:53:41"}
{"level":"info","message":"Success Response from LiveBoxNotify API","timestamp":"06-10-2022 11:53:41"}
{"level":"info","message":"Success Response from LiveBoxNotify API","timestamp":"06-10-2022 11:53:41"}
{"level":"info","message":"Success Response from LiveBoxNotify API","timestamp":"06-10-2022 11:53:41"}
{"level":"info","message":"Success Response from LiveBoxNotify API","timestamp":"06-10-2022 11:53:41"}
{"level":"info","message":"Success Response from LiveBoxNotify API","timestamp":"06-10-2022 11:53:41"}
{"level":"info","message":"Success Response from LiveBoxNotify API","timestamp":"06-10-2022 11:53:42"}
{"level":"info","message":"Success Response from LiveBoxNotify API","timestamp":"06-10-2022 11:53:42"}
{"level":"info","message":"Success Response from LiveBoxNotify API","timestamp":"06-10-2022 11:53:42"}
{"level":"info","message":"Success Response from LiveBoxNotify API","timestamp":"06-10-2022 11:53:42"}
{"level":"info","message":"Success Response from LiveBoxNotify API","timestamp":"06-10-2022 11:53:42"}
{"conferencename":"demo","displayname":"maran","isadmin":true,"level":"info","message":"Joined the conference","peerid":"__AUeaDH1IBwKtwQAAAQ","recording":false,"timestamp":"06-10-2022 11:53:46","userid":"1665037423238"}
{"conferencename":"demo","displayname":"maran","isadmin":true,"level":"info","message":"Joined the conference","peerid":"StjjQBOYfqqjM3jsAAAU","recording":false,"timestamp":"06-10-2022 11:53:52","userid":"1665037431968"}
{"conferencename":"group","displayname":"maran","isadmin":true,"level":"info","message":"Joined the conference","peerid":"O4RSmX_3aGctDK2aAAAD","recording":true,"timestamp":"08-10-2022 12:21:09","userid":"1665211866556"}
{"level":"info","message":{"RecordedVideo":["","mnt","recordings","group","group-2022-10-8:12:21:49.mp4"],"RecordedVideoPath":"/mnt/recordings/group/group-2022-10-8:12:21:49.mp4","conferencename":"group","recordedvideoURL":"https://demoserver.livebox.co.in:3030/recordedvideos/group/group-2022-10-8:12:21:49.mp4"},"timestamp":"08-10-2022 12:22:54"}
{"RecordedVideo":["","mnt","recordings","group","group-2022-10-8:12:21:49.mp4"],"RecordedVideoPath":"/mnt/recordings/group/group-2022-10-8:12:21:49.mp4","conferencename":"group","level":"info","message":"Data to LiveBoxNotify API","recordedvideoURL":"https://demoserver.livebox.co.in:3030/recordedvideos/group/group-2022-10-8:12:21:49.mp4","timestamp":"08-10-2022 12:22:54"}
{"level":"info","message":"Success Response from LiveBoxNotify API","timestamp":"08-10-2022 12:22:55"}
{"conferencename":"hotel","displayname":"maran","isadmin":true,"level":"info","message":"Joined the conference","peerid":"JSI_zgaOnS6mHgkkAAAD","recording":true,"timestamp":"08-10-2022 12:23:23","userid":"1665212000891"}
{"level":"info","message":{"RecordedVideo":["","mnt","recordings","hotel","hotel-2022-10-8:12:24:3.mp4"],"RecordedVideoPath":"/mnt/recordings/hotel/hotel-2022-10-8:12:24:3.mp4","conferencename":"hotel","recordedvideoURL":"https://demoserver.livebox.co.in:3030/recordedvideos/hotel/hotel-2022-10-8:12:24:3.mp4"},"timestamp":"08-10-2022 12:25:02"}
{"RecordedVideo":["","mnt","recordings","hotel","hotel-2022-10-8:12:24:3.mp4"],"RecordedVideoPath":"/mnt/recordings/hotel/hotel-2022-10-8:12:24:3.mp4","conferencename":"hotel","level":"info","message":"Data to LiveBoxNotify API","recordedvideoURL":"https://demoserver.livebox.co.in:3030/recordedvideos/hotel/hotel-2022-10-8:12:24:3.mp4","timestamp":"08-10-2022 12:25:02"}
{"level":"info","message":"Success Response from LiveBoxNotify API","timestamp":"08-10-2022 12:25:03"}
{"conferencename":"hello","displayname":"maran","isadmin":true,"level":"info","message":"Joined the conference","peerid":"GhGpadk22c7j5k2pAAAD","recording":true,"timestamp":"08-10-2022 12:26:21","userid":"1665212178346"}
{"conferencename":"demo","displayname":"maran","isadmin":true,"level":"info","message":"Joined the conference","peerid":"qjKhs7nDux6qPYUAAAAD","recording":true,"timestamp":"08-10-2022 12:32:21","userid":"1665212538272"}
{"level":"info","message":{"RecordedVideo":["","mnt","rcordedVideos","demo","demo-2022-10-8:12:33:1.mp4"],"RecordedVideoPath":"/mnt/rcordedVideos/demo/demo-2022-10-8:12:33:1.mp4","conferencename":"demo","recordedvideoURL":"https://demoserver.livebox.co.in:3030/recordedvideos/demo/demo-2022-10-8:12:33:1.mp4"},"timestamp":"08-10-2022 12:33:49"}
{"RecordedVideo":["","mnt","rcordedVideos","demo","demo-2022-10-8:12:33:1.mp4"],"RecordedVideoPath":"/mnt/rcordedVideos/demo/demo-2022-10-8:12:33:1.mp4","conferencename":"demo","level":"info","message":"Data to LiveBoxNotify API","recordedvideoURL":"https://demoserver.livebox.co.in:3030/recordedvideos/demo/demo-2022-10-8:12:33:1.mp4","timestamp":"08-10-2022 12:33:49"}
{"level":"info","message":"Success Response from LiveBoxNotify API","timestamp":"08-10-2022 12:33:50"}
{"conferencename":"demo","displayname":"maran","isadmin":true,"level":"info","message":"Joined the conference","peerid":"xu83Nx39SqMYtYlCAAAC","recording":true,"timestamp":"08-10-2022 12:37:05","userid":"1665212822389"}
{"level":"info","message":{"RecordedVideo":["","mnt","recordings","demo","demo-2022-10-8:12:37:45.mp4"],"RecordedVideoPath":"/mnt/recordings/demo/demo-2022-10-8:12:37:45.mp4","conferencename":"demo","recordedvideoURL":"https://demoserver.livebox.co.in:3030/recordedvideos/demo/demo-2022-10-8:12:37:45.mp4"},"timestamp":"08-10-2022 12:38:17"}
{"RecordedVideo":["","mnt","recordings","demo","demo-2022-10-8:12:37:45.mp4"],"RecordedVideoPath":"/mnt/recordings/demo/demo-2022-10-8:12:37:45.mp4","conferencename":"demo","level":"info","message":"Data to LiveBoxNotify API","recordedvideoURL":"https://demoserver.livebox.co.in:3030/recordedvideos/demo/demo-2022-10-8:12:37:45.mp4","timestamp":"08-10-2022 12:38:17"}
{"level":"info","message":"Success Response from LiveBoxNotify API","timestamp":"08-10-2022 12:38:17"}
{"conferencename":"demo","displayname":"maran","isadmin":true,"level":"info","message":"Joined the conference","peerid":"crma0ksXWppZyc7AAAAD","recording":true,"timestamp":"08-10-2022 12:40:50","userid":"1665212822389"}
{"conferencename":"demo","displayname":"maran","isadmin":true,"level":"info","message":"Data to LiveBoxNotify API","peerid":"crma0ksXWppZyc7AAAAD","recording":true,"sdpfilename":"rtp-demo-crma0ksXWppZyc7AAAAD.sdp","sessionname":"demo-lbstudio","status":"Left the conference","timestamp":"08-10-2022 12:40:52","userid":"1665212822389"}
{"level":"info","message":"Success Response from LiveBoxNotify API","timestamp":"08-10-2022 12:40:53"}
{"conferencename":"demo","displayname":"maran","isadmin":true,"level":"info","message":"Joined the conference","peerid":"2kOfwXwYwNRipFEyAAAH","recording":true,"timestamp":"08-10-2022 12:40:55","userid":"1665213052828"}
{"level":"info","message":{"RecordedVideo":["","mnt","recordings","demo","demo-2022-10-8:12:41:35.mp4"],"RecordedVideoPath":"/mnt/recordings/demo/demo-2022-10-8:12:41:35.mp4","conferencename":"demo","recordedvideoURL":"https://demoserver.livebox.co.in:3030/recordedvideos/demo/demo-2022-10-8:12:41:35.mp4"},"timestamp":"08-10-2022 12:42:25"}
{"RecordedVideo":["","mnt","recordings","demo","demo-2022-10-8:12:41:35.mp4"],"RecordedVideoPath":"/mnt/recordings/demo/demo-2022-10-8:12:41:35.mp4","conferencename":"demo","level":"info","message":"Data to LiveBoxNotify API","recordedvideoURL":"https://demoserver.livebox.co.in:3030/recordedvideos/demo/demo-2022-10-8:12:41:35.mp4","timestamp":"08-10-2022 12:42:25"}
{"channel":"/mnt/recordings/demo/demo-2022-10-8:12:41:35.mp4","conferencename":"demo","displayname":"maran","isadmin":true,"level":"info","message":"Data to LiveBoxNotify API","peerid":"2kOfwXwYwNRipFEyAAAH","recording":true,"sdpfilename":"rtp-demo-2kOfwXwYwNRipFEyAAAH.sdp","sessionname":"demo-lbstudio","status":"Left the conference","timestamp":"08-10-2022 12:42:25","userid":"1665213052828"}
{"level":"info","message":"Success Response from LiveBoxNotify API","timestamp":"08-10-2022 12:42:26"}
{"level":"info","message":"Success Response from LiveBoxNotify API","timestamp":"08-10-2022 12:42:26"}
{"conferencename":"conference","displayname":"maran","isadmin":true,"level":"info","message":"Joined the conference","peerid":"2b_IBzwNrNQy-eQ4AAAD","recording":true,"timestamp":"08-10-2022 12:45:50","userid":"1665213347609"}
{"conferencename":"game","displayname":"maran","isadmin":true,"level":"info","message":"Joined the conference","peerid":"T2OxocTzYfEXV408AAAD","recording":true,"timestamp":"08-10-2022 12:50:53","userid":"1665213650881"}
{"conferencename":"game","displayname":"maran","isadmin":true,"level":"info","message":"Joined the conference","peerid":"hSRt91y7-gaePU2wAAAD","recording":true,"timestamp":"08-10-2022 12:58:56","userid":"1665213650881"}
{"conferencename":"management","displayname":"maran","isadmin":true,"level":"info","message":"Joined the conference","peerid":"OMcO33mLGstBSkTeAAAD","recording":true,"timestamp":"08-10-2022 12:59:19","userid":"1665214156873"}
{"level":"info","message":{"RecordedVideo":["","mnt","recordings","management","management-2022-10-8:12:59:59.mp4"],"RecordedVideoPath":"/mnt/recordings/management/management-2022-10-8:12:59:59.mp4","conferencename":"management","recordedvideoURL":"https://demoserver.livebox.co.in:3030/recordedvideos/management/management-2022-10-8:12:59:59.mp4"},"timestamp":"08-10-2022 13:00:37"}
{"RecordedVideo":["","mnt","recordings","management","management-2022-10-8:12:59:59.mp4"],"RecordedVideoPath":"/mnt/recordings/management/management-2022-10-8:12:59:59.mp4","conferencename":"management","level":"info","message":"Data to LiveBoxNotify API","recordedvideoURL":"https://demoserver.livebox.co.in:3030/recordedvideos/management/management-2022-10-8:12:59:59.mp4","timestamp":"08-10-2022 13:00:37"}
{"level":"info","message":"Success Response from LiveBoxNotify API","timestamp":"08-10-2022 13:00:37"}
{"channel":"/mnt/recordings/management/management-2022-10-8:12:59:59.mp4","conferencename":"management","displayname":"maran","isadmin":true,"level":"info","message":"Data to LiveBoxNotify API","peerid":"OMcO33mLGstBSkTeAAAD","recording":true,"sdpfilename":"rtp-management-OMcO33mLGstBSkTeAAAD.sdp","sessionname":"management-lbstudio","status":"Left the conference","timestamp":"08-10-2022 13:01:19","userid":"1665214156873"}
{"level":"info","message":"Success Response from LiveBoxNotify API","timestamp":"08-10-2022 13:01:20"}
